0 info it worked if it ends with ok
1 verbose cli [ '/usr/bin/node',
1 verbose cli   '/usr/bin/npm',
1 verbose cli   'install',
1 verbose cli   '-g',
1 verbose cli   'cookie-session' ]
2 info using npm@3.5.2
3 info using node@v8.10.0
4 silly loadCurrentTree Starting
5 silly install loadCurrentTree
6 silly install readGlobalPackageData
7 silly fetchPackageMetaData cookie-session
8 silly fetchNamedPackageData cookie-session
9 silly mapToRegistry name cookie-session
10 silly mapToRegistry using default registry
11 silly mapToRegistry registry https://registry.npmjs.org/
12 silly mapToRegistry uri https://registry.npmjs.org/cookie-session
13 verbose request uri https://registry.npmjs.org/cookie-session
14 verbose request no auth needed
15 info attempt registry request try #1 at 9:25:31 AM
16 verbose request id 60f3d65db02468dd
17 verbose etag W/"6fae8dbf1c030243371fd8e5d87ab139"
18 verbose lastModified Mon, 06 Jan 2020 20:04:58 GMT
19 http request GET https://registry.npmjs.org/cookie-session
20 http 304 https://registry.npmjs.org/cookie-session
21 verbose headers { date: 'Tue, 07 Jan 2020 02:25:31 GMT',
21 verbose headers   connection: 'keep-alive',
21 verbose headers   'set-cookie':
21 verbose headers    [ '__cfduid=d6e1150cc71fc0a2a0eb1e1cc0acf728c1578363931; expires=Thu, 06-Feb-20 02:25:31 GMT; path=/; domain=.npmjs.org; HttpOnly; SameSite=Lax' ],
21 verbose headers   'cf-ray': '55127b4c3b4ba33c-HKG',
21 verbose headers   age: '415',
21 verbose headers   'cache-control': 'public, max-age=300',
21 verbose headers   etag: '"6fae8dbf1c030243371fd8e5d87ab139"',
21 verbose headers   'last-modified': 'Mon, 06 Jan 2020 20:04:58 GMT',
21 verbose headers   vary: 'Accept-Encoding',
21 verbose headers   'cf-cache-status': 'HIT',
21 verbose headers   'expect-ct': 'max-age=604800, report-uri="https://report-uri.cloudflare.com/cdn-cgi/beacon/expect-ct"',
21 verbose headers   server: 'cloudflare' }
22 silly get cb [ 304,
22 silly get   { date: 'Tue, 07 Jan 2020 02:25:31 GMT',
22 silly get     connection: 'keep-alive',
22 silly get     'set-cookie':
22 silly get      [ '__cfduid=d6e1150cc71fc0a2a0eb1e1cc0acf728c1578363931; expires=Thu, 06-Feb-20 02:25:31 GMT; path=/; domain=.npmjs.org; HttpOnly; SameSite=Lax' ],
22 silly get     'cf-ray': '55127b4c3b4ba33c-HKG',
22 silly get     age: '415',
22 silly get     'cache-control': 'public, max-age=300',
22 silly get     etag: '"6fae8dbf1c030243371fd8e5d87ab139"',
22 silly get     'last-modified': 'Mon, 06 Jan 2020 20:04:58 GMT',
22 silly get     vary: 'Accept-Encoding',
22 silly get     'cf-cache-status': 'HIT',
22 silly get     'expect-ct': 'max-age=604800, report-uri="https://report-uri.cloudflare.com/cdn-cgi/beacon/expect-ct"',
22 silly get     server: 'cloudflare' } ]
23 verbose etag https://registry.npmjs.org/cookie-session from cache
24 verbose get saving cookie-session to /home/lii/.npm/registry.npmjs.org/cookie-session/.cache.json
25 silly install normalizeTree
26 silly loadCurrentTree Finishing
27 silly loadIdealTree Starting
28 silly install loadIdealTree
29 silly cloneCurrentTree Starting
30 silly install cloneCurrentTreeToIdealTree
31 silly cloneCurrentTree Finishing
32 silly loadShrinkwrap Starting
33 silly install loadShrinkwrap
34 silly loadShrinkwrap Finishing
35 silly loadAllDepsIntoIdealTree Starting
36 silly install loadAllDepsIntoIdealTree
37 silly resolveWithNewModule cookie-session@1.4.0 checking installable status
38 silly cache add args [ 'cookie-session', null ]
39 verbose cache add spec cookie-session
40 silly cache add parsed spec Result {
40 silly cache add   raw: 'cookie-session',
40 silly cache add   scope: null,
40 silly cache add   name: 'cookie-session',
40 silly cache add   rawSpec: '',
40 silly cache add   spec: 'latest',
40 silly cache add   type: 'tag' }
41 silly addNamed cookie-session@latest
42 verbose addNamed "latest" is being treated as a dist-tag for cookie-session
43 info addNameTag [ 'cookie-session', 'latest' ]
44 silly mapToRegistry name cookie-session
45 silly mapToRegistry using default registry
46 silly mapToRegistry registry https://registry.npmjs.org/
47 silly mapToRegistry uri https://registry.npmjs.org/cookie-session
48 verbose addNameTag registry:https://registry.npmjs.org/cookie-session not in flight; fetching
49 verbose get https://registry.npmjs.org/cookie-session not expired, no request
50 silly addNameTag next cb for cookie-session with tag latest
51 silly addNamed cookie-session@1.4.0
52 verbose addNamed "1.4.0" is a plain semver version for cookie-session
53 silly cache afterAdd cookie-session@1.4.0
54 verbose afterAdd /home/lii/.npm/cookie-session/1.4.0/package/package.json not in flight; writing
55 verbose afterAdd /home/lii/.npm/cookie-session/1.4.0/package/package.json written
56 silly fetchNamedPackageData cookies
57 silly mapToRegistry name cookies
58 silly mapToRegistry using default registry
59 silly mapToRegistry registry https://registry.npmjs.org/
60 silly mapToRegistry uri https://registry.npmjs.org/cookies
61 silly fetchNamedPackageData debug
62 silly mapToRegistry name debug
63 silly mapToRegistry using default registry
64 silly mapToRegistry registry https://registry.npmjs.org/
65 silly mapToRegistry uri https://registry.npmjs.org/debug
66 silly fetchNamedPackageData on-headers
67 silly mapToRegistry name on-headers
68 silly mapToRegistry using default registry
69 silly mapToRegistry registry https://registry.npmjs.org/
70 silly mapToRegistry uri https://registry.npmjs.org/on-headers
71 verbose request uri https://registry.npmjs.org/cookies
72 verbose request no auth needed
73 info attempt registry request try #1 at 9:25:31 AM
74 verbose etag W/"e367e020a1df4f9f7f43ded34de07891"
75 verbose lastModified Sat, 12 Oct 2019 03:35:14 GMT
76 http request GET https://registry.npmjs.org/cookies
77 verbose request uri https://registry.npmjs.org/on-headers
78 verbose request no auth needed
79 info attempt registry request try #1 at 9:25:31 AM
80 verbose etag W/"f4b0ced7f21b1a4e6ba999293fd842a1"
81 verbose lastModified Fri, 22 Feb 2019 03:48:58 GMT
82 http request GET https://registry.npmjs.org/on-headers
83 verbose request uri https://registry.npmjs.org/debug
84 verbose request no auth needed
85 info attempt registry request try #1 at 9:25:31 AM
86 verbose etag W/"31caef075876be8ad89cf9586cd2b5d9"
87 verbose lastModified Fri, 29 Nov 2019 09:32:45 GMT
88 http request GET https://registry.npmjs.org/debug
89 http 304 https://registry.npmjs.org/cookies
90 verbose headers { date: 'Tue, 07 Jan 2020 02:25:31 GMT',
90 verbose headers   connection: 'keep-alive',
90 verbose headers   'set-cookie':
90 verbose headers    [ '__cfduid=d6e1150cc71fc0a2a0eb1e1cc0acf728c1578363931; expires=Thu, 06-Feb-20 02:25:31 GMT; path=/; domain=.npmjs.org; HttpOnly; SameSite=Lax' ],
90 verbose headers   'cf-ray': '55127b4d8cbca33c-HKG',
90 verbose headers   age: '229',
90 verbose headers   'cache-control': 'public, max-age=300',
90 verbose headers   etag: '"e367e020a1df4f9f7f43ded34de07891"',
90 verbose headers   'last-modified': 'Sat, 12 Oct 2019 03:35:14 GMT',
90 verbose headers   vary: 'Accept-Encoding',
90 verbose headers   'cf-cache-status': 'HIT',
90 verbose headers   'expect-ct': 'max-age=604800, report-uri="https://report-uri.cloudflare.com/cdn-cgi/beacon/expect-ct"',
90 verbose headers   server: 'cloudflare' }
91 silly get cb [ 304,
91 silly get   { date: 'Tue, 07 Jan 2020 02:25:31 GMT',
91 silly get     connection: 'keep-alive',
91 silly get     'set-cookie':
91 silly get      [ '__cfduid=d6e1150cc71fc0a2a0eb1e1cc0acf728c1578363931; expires=Thu, 06-Feb-20 02:25:31 GMT; path=/; domain=.npmjs.org; HttpOnly; SameSite=Lax' ],
91 silly get     'cf-ray': '55127b4d8cbca33c-HKG',
91 silly get     age: '229',
91 silly get     'cache-control': 'public, max-age=300',
91 silly get     etag: '"e367e020a1df4f9f7f43ded34de07891"',
91 silly get     'last-modified': 'Sat, 12 Oct 2019 03:35:14 GMT',
91 silly get     vary: 'Accept-Encoding',
91 silly get     'cf-cache-status': 'HIT',
91 silly get     'expect-ct': 'max-age=604800, report-uri="https://report-uri.cloudflare.com/cdn-cgi/beacon/expect-ct"',
91 silly get     server: 'cloudflare' } ]
92 verbose etag https://registry.npmjs.org/cookies from cache
93 verbose get saving cookies to /home/lii/.npm/registry.npmjs.org/cookies/.cache.json
94 silly resolveWithNewModule cookies@0.8.0 checking installable status
95 silly cache add args [ 'cookies@0.8.0', null ]
96 verbose cache add spec cookies@0.8.0
97 silly cache add parsed spec Result {
97 silly cache add   raw: 'cookies@0.8.0',
97 silly cache add   scope: null,
97 silly cache add   name: 'cookies',
97 silly cache add   rawSpec: '0.8.0',
97 silly cache add   spec: '0.8.0',
97 silly cache add   type: 'version' }
98 silly addNamed cookies@0.8.0
99 verbose addNamed "0.8.0" is a plain semver version for cookies
100 silly mapToRegistry name cookies
101 silly mapToRegistry using default registry
102 silly mapToRegistry registry https://registry.npmjs.org/
103 silly mapToRegistry uri https://registry.npmjs.org/cookies
104 verbose addNameVersion registry:https://registry.npmjs.org/cookies not in flight; fetching
105 verbose get https://registry.npmjs.org/cookies not expired, no request
106 silly cache afterAdd cookies@0.8.0
107 verbose afterAdd /home/lii/.npm/cookies/0.8.0/package/package.json not in flight; writing
108 verbose afterAdd /home/lii/.npm/cookies/0.8.0/package/package.json written
109 http 304 https://registry.npmjs.org/on-headers
110 verbose headers { date: 'Tue, 07 Jan 2020 02:25:31 GMT',
110 verbose headers   connection: 'keep-alive',
110 verbose headers   'set-cookie':
110 verbose headers    [ '__cfduid=df87244e9b1dcc9f4b5ce10b7e939d8bd1578363931; expires=Thu, 06-Feb-20 02:25:31 GMT; path=/; domain=.npmjs.org; HttpOnly; SameSite=Lax' ],
110 verbose headers   'cf-ray': '55127b4e9ca9d18f-HKG',
110 verbose headers   age: '3799',
110 verbose headers   'cache-control': 'public, max-age=300',
110 verbose headers   etag: '"f4b0ced7f21b1a4e6ba999293fd842a1"',
110 verbose headers   'last-modified': 'Fri, 22 Feb 2019 03:48:58 GMT',
110 verbose headers   vary: 'Accept-Encoding',
110 verbose headers   'cf-cache-status': 'HIT',
110 verbose headers   'expect-ct': 'max-age=604800, report-uri="https://report-uri.cloudflare.com/cdn-cgi/beacon/expect-ct"',
110 verbose headers   server: 'cloudflare' }
111 silly get cb [ 304,
111 silly get   { date: 'Tue, 07 Jan 2020 02:25:31 GMT',
111 silly get     connection: 'keep-alive',
111 silly get     'set-cookie':
111 silly get      [ '__cfduid=df87244e9b1dcc9f4b5ce10b7e939d8bd1578363931; expires=Thu, 06-Feb-20 02:25:31 GMT; path=/; domain=.npmjs.org; HttpOnly; SameSite=Lax' ],
111 silly get     'cf-ray': '55127b4e9ca9d18f-HKG',
111 silly get     age: '3799',
111 silly get     'cache-control': 'public, max-age=300',
111 silly get     etag: '"f4b0ced7f21b1a4e6ba999293fd842a1"',
111 silly get     'last-modified': 'Fri, 22 Feb 2019 03:48:58 GMT',
111 silly get     vary: 'Accept-Encoding',
111 silly get     'cf-cache-status': 'HIT',
111 silly get     'expect-ct': 'max-age=604800, report-uri="https://report-uri.cloudflare.com/cdn-cgi/beacon/expect-ct"',
111 silly get     server: 'cloudflare' } ]
112 verbose etag https://registry.npmjs.org/on-headers from cache
113 verbose get saving on-headers to /home/lii/.npm/registry.npmjs.org/on-headers/.cache.json
114 http 304 https://registry.npmjs.org/debug
115 verbose headers { date: 'Tue, 07 Jan 2020 02:25:31 GMT',
115 verbose headers   connection: 'keep-alive',
115 verbose headers   'set-cookie':
115 verbose headers    [ '__cfduid=dd416c7d41a1cda45ad9454506026c4171578363931; expires=Thu, 06-Feb-20 02:25:31 GMT; path=/; domain=.npmjs.org; HttpOnly; SameSite=Lax' ],
115 verbose headers   'cf-ray': '55127b4e996ad94a-HKG',
115 verbose headers   age: '6113',
115 verbose headers   'cache-control': 'public, max-age=300',
115 verbose headers   etag: '"31caef075876be8ad89cf9586cd2b5d9"',
115 verbose headers   'last-modified': 'Fri, 29 Nov 2019 09:32:45 GMT',
115 verbose headers   vary: 'Accept-Encoding',
115 verbose headers   'cf-cache-status': 'HIT',
115 verbose headers   'expect-ct': 'max-age=604800, report-uri="https://report-uri.cloudflare.com/cdn-cgi/beacon/expect-ct"',
115 verbose headers   server: 'cloudflare' }
116 silly get cb [ 304,
116 silly get   { date: 'Tue, 07 Jan 2020 02:25:31 GMT',
116 silly get     connection: 'keep-alive',
116 silly get     'set-cookie':
116 silly get      [ '__cfduid=dd416c7d41a1cda45ad9454506026c4171578363931; expires=Thu, 06-Feb-20 02:25:31 GMT; path=/; domain=.npmjs.org; HttpOnly; SameSite=Lax' ],
116 silly get     'cf-ray': '55127b4e996ad94a-HKG',
116 silly get     age: '6113',
116 silly get     'cache-control': 'public, max-age=300',
116 silly get     etag: '"31caef075876be8ad89cf9586cd2b5d9"',
116 silly get     'last-modified': 'Fri, 29 Nov 2019 09:32:45 GMT',
116 silly get     vary: 'Accept-Encoding',
116 silly get     'cf-cache-status': 'HIT',
116 silly get     'expect-ct': 'max-age=604800, report-uri="https://report-uri.cloudflare.com/cdn-cgi/beacon/expect-ct"',
116 silly get     server: 'cloudflare' } ]
117 verbose etag https://registry.npmjs.org/debug from cache
118 verbose get saving debug to /home/lii/.npm/registry.npmjs.org/debug/.cache.json
119 silly resolveWithNewModule on-headers@1.0.2 checking installable status
120 silly cache add args [ 'on-headers@~1.0.2', null ]
121 verbose cache add spec on-headers@~1.0.2
122 silly cache add parsed spec Result {
122 silly cache add   raw: 'on-headers@~1.0.2',
122 silly cache add   scope: null,
122 silly cache add   name: 'on-headers',
122 silly cache add   rawSpec: '~1.0.2',
122 silly cache add   spec: '>=1.0.2 <1.1.0',
122 silly cache add   type: 'range' }
123 silly addNamed on-headers@>=1.0.2 <1.1.0
124 verbose addNamed ">=1.0.2 <1.1.0" is a valid semver range for on-headers
125 silly addNameRange { name: 'on-headers', range: '>=1.0.2 <1.1.0', hasData: false }
126 silly mapToRegistry name on-headers
127 silly mapToRegistry using default registry
128 silly mapToRegistry registry https://registry.npmjs.org/
129 silly mapToRegistry uri https://registry.npmjs.org/on-headers
130 verbose addNameRange registry:https://registry.npmjs.org/on-headers not in flight; fetching
131 verbose get https://registry.npmjs.org/on-headers not expired, no request
132 silly addNameRange number 2 { name: 'on-headers', range: '>=1.0.2 <1.1.0', hasData: true }
133 silly addNameRange versions [ 'on-headers', [ '0.0.0', '1.0.0', '1.0.1', '1.0.2' ] ]
134 silly addNamed on-headers@1.0.2
135 verbose addNamed "1.0.2" is a plain semver version for on-headers
136 silly resolveWithNewModule debug@2.6.9 checking installable status
137 silly cache add args [ 'debug@2.6.9', null ]
138 verbose cache add spec debug@2.6.9
139 silly cache add parsed spec Result {
139 silly cache add   raw: 'debug@2.6.9',
139 silly cache add   scope: null,
139 silly cache add   name: 'debug',
139 silly cache add   rawSpec: '2.6.9',
139 silly cache add   spec: '2.6.9',
139 silly cache add   type: 'version' }
140 silly addNamed debug@2.6.9
141 verbose addNamed "2.6.9" is a plain semver version for debug
142 silly mapToRegistry name debug
143 silly mapToRegistry using default registry
144 silly mapToRegistry registry https://registry.npmjs.org/
145 silly mapToRegistry uri https://registry.npmjs.org/debug
146 verbose addNameVersion registry:https://registry.npmjs.org/debug not in flight; fetching
147 silly cache afterAdd on-headers@1.0.2
148 verbose afterAdd /home/lii/.npm/on-headers/1.0.2/package/package.json not in flight; writing
149 verbose get https://registry.npmjs.org/debug not expired, no request
150 verbose afterAdd /home/lii/.npm/on-headers/1.0.2/package/package.json written
151 silly cache afterAdd debug@2.6.9
152 verbose afterAdd /home/lii/.npm/debug/2.6.9/package/package.json not in flight; writing
153 verbose afterAdd /home/lii/.npm/debug/2.6.9/package/package.json written
154 silly fetchNamedPackageData depd
155 silly mapToRegistry name depd
156 silly mapToRegistry using default registry
157 silly mapToRegistry registry https://registry.npmjs.org/
158 silly mapToRegistry uri https://registry.npmjs.org/depd
159 silly fetchNamedPackageData keygrip
160 silly mapToRegistry name keygrip
161 silly mapToRegistry using default registry
162 silly mapToRegistry registry https://registry.npmjs.org/
163 silly mapToRegistry uri https://registry.npmjs.org/keygrip
164 verbose request uri https://registry.npmjs.org/depd
165 verbose request no auth needed
166 info attempt registry request try #1 at 9:25:32 AM
167 verbose etag W/"70852dc9265da686a07afcc095f5313d"
168 verbose lastModified Wed, 02 Jan 2019 20:56:16 GMT
169 http request GET https://registry.npmjs.org/depd
170 verbose request uri https://registry.npmjs.org/keygrip
171 verbose request no auth needed
172 info attempt registry request try #1 at 9:25:32 AM
173 verbose etag W/"ffa3dd0eb3734280a5a3f85ad946d4f8"
174 verbose lastModified Wed, 08 May 2019 02:57:41 GMT
175 http request GET https://registry.npmjs.org/keygrip
176 http 304 https://registry.npmjs.org/depd
177 verbose headers { date: 'Tue, 07 Jan 2020 02:25:32 GMT',
177 verbose headers   connection: 'keep-alive',
177 verbose headers   'set-cookie':
177 verbose headers    [ '__cfduid=d4c2885b33c21e3e5a3012399456b71b21578363932; expires=Thu, 06-Feb-20 02:25:32 GMT; path=/; domain=.npmjs.org; HttpOnly; SameSite=Lax' ],
177 verbose headers   'cf-ray': '55127b4fbf1ba33c-HKG',
177 verbose headers   age: '5322',
177 verbose headers   'cache-control': 'public, max-age=300',
177 verbose headers   etag: '"70852dc9265da686a07afcc095f5313d"',
177 verbose headers   'last-modified': 'Wed, 02 Jan 2019 20:56:16 GMT',
177 verbose headers   vary: 'Accept-Encoding',
177 verbose headers   'cf-cache-status': 'HIT',
177 verbose headers   'expect-ct': 'max-age=604800, report-uri="https://report-uri.cloudflare.com/cdn-cgi/beacon/expect-ct"',
177 verbose headers   server: 'cloudflare' }
178 silly get cb [ 304,
178 silly get   { date: 'Tue, 07 Jan 2020 02:25:32 GMT',
178 silly get     connection: 'keep-alive',
178 silly get     'set-cookie':
178 silly get      [ '__cfduid=d4c2885b33c21e3e5a3012399456b71b21578363932; expires=Thu, 06-Feb-20 02:25:32 GMT; path=/; domain=.npmjs.org; HttpOnly; SameSite=Lax' ],
178 silly get     'cf-ray': '55127b4fbf1ba33c-HKG',
178 silly get     age: '5322',
178 silly get     'cache-control': 'public, max-age=300',
178 silly get     etag: '"70852dc9265da686a07afcc095f5313d"',
178 silly get     'last-modified': 'Wed, 02 Jan 2019 20:56:16 GMT',
178 silly get     vary: 'Accept-Encoding',
178 silly get     'cf-cache-status': 'HIT',
178 silly get     'expect-ct': 'max-age=604800, report-uri="https://report-uri.cloudflare.com/cdn-cgi/beacon/expect-ct"',
178 silly get     server: 'cloudflare' } ]
179 verbose etag https://registry.npmjs.org/depd from cache
180 verbose get saving depd to /home/lii/.npm/registry.npmjs.org/depd/.cache.json
181 http 304 https://registry.npmjs.org/keygrip
182 verbose headers { date: 'Tue, 07 Jan 2020 02:25:32 GMT',
182 verbose headers   connection: 'keep-alive',
182 verbose headers   'set-cookie':
182 verbose headers    [ '__cfduid=dce73da97450d4767057f6a0b9486a5bf1578363932; expires=Thu, 06-Feb-20 02:25:32 GMT; path=/; domain=.npmjs.org; HttpOnly; SameSite=Lax' ],
182 verbose headers   'cf-ray': '55127b4fbf3bd18f-HKG',
182 verbose headers   age: '6512',
182 verbose headers   'cache-control': 'public, max-age=300',
182 verbose headers   etag: '"ffa3dd0eb3734280a5a3f85ad946d4f8"',
182 verbose headers   'last-modified': 'Wed, 08 May 2019 02:57:41 GMT',
182 verbose headers   vary: 'Accept-Encoding',
182 verbose headers   'cf-cache-status': 'HIT',
182 verbose headers   'expect-ct': 'max-age=604800, report-uri="https://report-uri.cloudflare.com/cdn-cgi/beacon/expect-ct"',
182 verbose headers   server: 'cloudflare' }
183 silly get cb [ 304,
183 silly get   { date: 'Tue, 07 Jan 2020 02:25:32 GMT',
183 silly get     connection: 'keep-alive',
183 silly get     'set-cookie':
183 silly get      [ '__cfduid=dce73da97450d4767057f6a0b9486a5bf1578363932; expires=Thu, 06-Feb-20 02:25:32 GMT; path=/; domain=.npmjs.org; HttpOnly; SameSite=Lax' ],
183 silly get     'cf-ray': '55127b4fbf3bd18f-HKG',
183 silly get     age: '6512',
183 silly get     'cache-control': 'public, max-age=300',
183 silly get     etag: '"ffa3dd0eb3734280a5a3f85ad946d4f8"',
183 silly get     'last-modified': 'Wed, 08 May 2019 02:57:41 GMT',
183 silly get     vary: 'Accept-Encoding',
183 silly get     'cf-cache-status': 'HIT',
183 silly get     'expect-ct': 'max-age=604800, report-uri="https://report-uri.cloudflare.com/cdn-cgi/beacon/expect-ct"',
183 silly get     server: 'cloudflare' } ]
184 verbose etag https://registry.npmjs.org/keygrip from cache
185 verbose get saving keygrip to /home/lii/.npm/registry.npmjs.org/keygrip/.cache.json
186 silly resolveWithNewModule depd@2.0.0 checking installable status
187 silly cache add args [ 'depd@~2.0.0', null ]
188 verbose cache add spec depd@~2.0.0
189 silly cache add parsed spec Result {
189 silly cache add   raw: 'depd@~2.0.0',
189 silly cache add   scope: null,
189 silly cache add   name: 'depd',
189 silly cache add   rawSpec: '~2.0.0',
189 silly cache add   spec: '>=2.0.0 <2.1.0',
189 silly cache add   type: 'range' }
190 silly addNamed depd@>=2.0.0 <2.1.0
191 verbose addNamed ">=2.0.0 <2.1.0" is a valid semver range for depd
192 silly addNameRange { name: 'depd', range: '>=2.0.0 <2.1.0', hasData: false }
193 silly mapToRegistry name depd
194 silly mapToRegistry using default registry
195 silly mapToRegistry registry https://registry.npmjs.org/
196 silly mapToRegistry uri https://registry.npmjs.org/depd
197 verbose addNameRange registry:https://registry.npmjs.org/depd not in flight; fetching
198 silly resolveWithNewModule keygrip@1.1.0 checking installable status
199 silly cache add args [ 'keygrip@~1.1.0', null ]
200 verbose cache add spec keygrip@~1.1.0
201 silly cache add parsed spec Result {
201 silly cache add   raw: 'keygrip@~1.1.0',
201 silly cache add   scope: null,
201 silly cache add   name: 'keygrip',
201 silly cache add   rawSpec: '~1.1.0',
201 silly cache add   spec: '>=1.1.0 <1.2.0',
201 silly cache add   type: 'range' }
202 silly addNamed keygrip@>=1.1.0 <1.2.0
203 verbose addNamed ">=1.1.0 <1.2.0" is a valid semver range for keygrip
204 silly addNameRange { name: 'keygrip', range: '>=1.1.0 <1.2.0', hasData: false }
205 silly mapToRegistry name keygrip
206 silly mapToRegistry using default registry
207 silly mapToRegistry registry https://registry.npmjs.org/
208 silly mapToRegistry uri https://registry.npmjs.org/keygrip
209 verbose addNameRange registry:https://registry.npmjs.org/keygrip not in flight; fetching
210 verbose get https://registry.npmjs.org/keygrip not expired, no request
211 silly addNameRange number 2 { name: 'keygrip', range: '>=1.1.0 <1.2.0', hasData: true }
212 silly addNameRange versions [ 'keygrip',
212 silly addNameRange   [ '0.1.0',
212 silly addNameRange     '0.1.1',
212 silly addNameRange     '0.1.2',
212 silly addNameRange     '0.1.3',
212 silly addNameRange     '0.1.6',
212 silly addNameRange     '0.1.7',
212 silly addNameRange     '0.2.0',
212 silly addNameRange     '0.2.1',
212 silly addNameRange     '0.2.2',
212 silly addNameRange     '0.2.3',
212 silly addNameRange     '0.2.4',
212 silly addNameRange     '1.0.0',
212 silly addNameRange     '1.0.1',
212 silly addNameRange     '1.0.2',
212 silly addNameRange     '1.0.3',
212 silly addNameRange     '1.1.0' ] ]
213 silly addNamed keygrip@1.1.0
214 verbose addNamed "1.1.0" is a plain semver version for keygrip
215 verbose get https://registry.npmjs.org/depd not expired, no request
216 silly addNameRange number 2 { name: 'depd', range: '>=2.0.0 <2.1.0', hasData: true }
217 silly addNameRange versions [ 'depd',
217 silly addNameRange   [ '0.0.0',
217 silly addNameRange     '0.0.1',
217 silly addNameRange     '0.1.0',
217 silly addNameRange     '0.2.0',
217 silly addNameRange     '0.3.0',
217 silly addNameRange     '0.4.0',
217 silly addNameRange     '0.4.1',
217 silly addNameRange     '0.4.2',
217 silly addNameRange     '0.4.3',
217 silly addNameRange     '0.4.4',
217 silly addNameRange     '0.4.5',
217 silly addNameRange     '1.0.0',
217 silly addNameRange     '1.0.1',
217 silly addNameRange     '1.1.0',
217 silly addNameRange     '1.1.1',
217 silly addNameRange     '1.1.2',
217 silly addNameRange     '2.0.0' ] ]
218 silly addNamed depd@2.0.0
219 verbose addNamed "2.0.0" is a plain semver version for depd
220 silly cache afterAdd depd@2.0.0
221 verbose afterAdd /home/lii/.npm/depd/2.0.0/package/package.json not in flight; writing
222 silly cache afterAdd keygrip@1.1.0
223 verbose afterAdd /home/lii/.npm/keygrip/1.1.0/package/package.json not in flight; writing
224 verbose afterAdd /home/lii/.npm/depd/2.0.0/package/package.json written
225 verbose afterAdd /home/lii/.npm/keygrip/1.1.0/package/package.json written
226 silly fetchNamedPackageData tsscmp
227 silly mapToRegistry name tsscmp
228 silly mapToRegistry using default registry
229 silly mapToRegistry registry https://registry.npmjs.org/
230 silly mapToRegistry uri https://registry.npmjs.org/tsscmp
231 verbose request uri https://registry.npmjs.org/tsscmp
232 verbose request no auth needed
233 info attempt registry request try #1 at 9:25:32 AM
234 verbose etag W/"efb268f30378e5cb1e8018bb4e3f8932"
235 verbose lastModified Tue, 31 Jul 2018 02:11:57 GMT
236 http request GET https://registry.npmjs.org/tsscmp
237 http 304 https://registry.npmjs.org/tsscmp
238 verbose headers { date: 'Tue, 07 Jan 2020 02:25:32 GMT',
238 verbose headers   connection: 'keep-alive',
238 verbose headers   'set-cookie':
238 verbose headers    [ '__cfduid=da4775136944c6f5bcdfd9124bed41b931578363932; expires=Thu, 06-Feb-20 02:25:32 GMT; path=/; domain=.npmjs.org; HttpOnly; SameSite=Lax' ],
238 verbose headers   'cf-ray': '55127b508e2dd94a-HKG',
238 verbose headers   age: '4192',
238 verbose headers   'cache-control': 'public, max-age=300',
238 verbose headers   etag: '"efb268f30378e5cb1e8018bb4e3f8932"',
238 verbose headers   'last-modified': 'Tue, 31 Jul 2018 02:11:57 GMT',
238 verbose headers   vary: 'Accept-Encoding',
238 verbose headers   'cf-cache-status': 'HIT',
238 verbose headers   'expect-ct': 'max-age=604800, report-uri="https://report-uri.cloudflare.com/cdn-cgi/beacon/expect-ct"',
238 verbose headers   server: 'cloudflare' }
239 silly get cb [ 304,
239 silly get   { date: 'Tue, 07 Jan 2020 02:25:32 GMT',
239 silly get     connection: 'keep-alive',
239 silly get     'set-cookie':
239 silly get      [ '__cfduid=da4775136944c6f5bcdfd9124bed41b931578363932; expires=Thu, 06-Feb-20 02:25:32 GMT; path=/; domain=.npmjs.org; HttpOnly; SameSite=Lax' ],
239 silly get     'cf-ray': '55127b508e2dd94a-HKG',
239 silly get     age: '4192',
239 silly get     'cache-control': 'public, max-age=300',
239 silly get     etag: '"efb268f30378e5cb1e8018bb4e3f8932"',
239 silly get     'last-modified': 'Tue, 31 Jul 2018 02:11:57 GMT',
239 silly get     vary: 'Accept-Encoding',
239 silly get     'cf-cache-status': 'HIT',
239 silly get     'expect-ct': 'max-age=604800, report-uri="https://report-uri.cloudflare.com/cdn-cgi/beacon/expect-ct"',
239 silly get     server: 'cloudflare' } ]
240 verbose etag https://registry.npmjs.org/tsscmp from cache
241 verbose get saving tsscmp to /home/lii/.npm/registry.npmjs.org/tsscmp/.cache.json
242 silly resolveWithNewModule tsscmp@1.0.6 checking installable status
243 silly cache add args [ 'tsscmp@1.0.6', null ]
244 verbose cache add spec tsscmp@1.0.6
245 silly cache add parsed spec Result {
245 silly cache add   raw: 'tsscmp@1.0.6',
245 silly cache add   scope: null,
245 silly cache add   name: 'tsscmp',
245 silly cache add   rawSpec: '1.0.6',
245 silly cache add   spec: '1.0.6',
245 silly cache add   type: 'version' }
246 silly addNamed tsscmp@1.0.6
247 verbose addNamed "1.0.6" is a plain semver version for tsscmp
248 silly mapToRegistry name tsscmp
249 silly mapToRegistry using default registry
250 silly mapToRegistry registry https://registry.npmjs.org/
251 silly mapToRegistry uri https://registry.npmjs.org/tsscmp
252 verbose addNameVersion registry:https://registry.npmjs.org/tsscmp not in flight; fetching
253 verbose get https://registry.npmjs.org/tsscmp not expired, no request
254 silly cache afterAdd tsscmp@1.0.6
255 verbose afterAdd /home/lii/.npm/tsscmp/1.0.6/package/package.json not in flight; writing
256 verbose afterAdd /home/lii/.npm/tsscmp/1.0.6/package/package.json written
257 silly fetchNamedPackageData ms
258 silly mapToRegistry name ms
259 silly mapToRegistry using default registry
260 silly mapToRegistry registry https://registry.npmjs.org/
261 silly mapToRegistry uri https://registry.npmjs.org/ms
262 verbose request uri https://registry.npmjs.org/ms
263 verbose request no auth needed
264 info attempt registry request try #1 at 9:25:32 AM
265 verbose etag W/"a63b181da05c5d508b690ddec6528f31"
266 verbose lastModified Wed, 11 Dec 2019 19:23:42 GMT
267 http request GET https://registry.npmjs.org/ms
268 http 304 https://registry.npmjs.org/ms
269 verbose headers { date: 'Tue, 07 Jan 2020 02:25:32 GMT',
269 verbose headers   connection: 'keep-alive',
269 verbose headers   'set-cookie':
269 verbose headers    [ '__cfduid=d4c2885b33c21e3e5a3012399456b71b21578363932; expires=Thu, 06-Feb-20 02:25:32 GMT; path=/; domain=.npmjs.org; HttpOnly; SameSite=Lax' ],
269 verbose headers   'cf-ray': '55127b5138aaa33c-HKG',
269 verbose headers   age: '4326',
269 verbose headers   'cache-control': 'public, max-age=300',
269 verbose headers   etag: '"a63b181da05c5d508b690ddec6528f31"',
269 verbose headers   'last-modified': 'Wed, 11 Dec 2019 19:23:42 GMT',
269 verbose headers   vary: 'Accept-Encoding',
269 verbose headers   'cf-cache-status': 'HIT',
269 verbose headers   'expect-ct': 'max-age=604800, report-uri="https://report-uri.cloudflare.com/cdn-cgi/beacon/expect-ct"',
269 verbose headers   server: 'cloudflare' }
270 silly get cb [ 304,
270 silly get   { date: 'Tue, 07 Jan 2020 02:25:32 GMT',
270 silly get     connection: 'keep-alive',
270 silly get     'set-cookie':
270 silly get      [ '__cfduid=d4c2885b33c21e3e5a3012399456b71b21578363932; expires=Thu, 06-Feb-20 02:25:32 GMT; path=/; domain=.npmjs.org; HttpOnly; SameSite=Lax' ],
270 silly get     'cf-ray': '55127b5138aaa33c-HKG',
270 silly get     age: '4326',
270 silly get     'cache-control': 'public, max-age=300',
270 silly get     etag: '"a63b181da05c5d508b690ddec6528f31"',
270 silly get     'last-modified': 'Wed, 11 Dec 2019 19:23:42 GMT',
270 silly get     vary: 'Accept-Encoding',
270 silly get     'cf-cache-status': 'HIT',
270 silly get     'expect-ct': 'max-age=604800, report-uri="https://report-uri.cloudflare.com/cdn-cgi/beacon/expect-ct"',
270 silly get     server: 'cloudflare' } ]
271 verbose etag https://registry.npmjs.org/ms from cache
272 verbose get saving ms to /home/lii/.npm/registry.npmjs.org/ms/.cache.json
273 silly resolveWithNewModule ms@2.0.0 checking installable status
274 silly cache add args [ 'ms@2.0.0', null ]
275 verbose cache add spec ms@2.0.0
276 silly cache add parsed spec Result {
276 silly cache add   raw: 'ms@2.0.0',
276 silly cache add   scope: null,
276 silly cache add   name: 'ms',
276 silly cache add   rawSpec: '2.0.0',
276 silly cache add   spec: '2.0.0',
276 silly cache add   type: 'version' }
277 silly addNamed ms@2.0.0
278 verbose addNamed "2.0.0" is a plain semver version for ms
279 silly mapToRegistry name ms
280 silly mapToRegistry using default registry
281 silly mapToRegistry registry https://registry.npmjs.org/
282 silly mapToRegistry uri https://registry.npmjs.org/ms
283 verbose addNameVersion registry:https://registry.npmjs.org/ms not in flight; fetching
284 verbose get https://registry.npmjs.org/ms not expired, no request
285 silly cache afterAdd ms@2.0.0
286 verbose afterAdd /home/lii/.npm/ms/2.0.0/package/package.json not in flight; writing
287 verbose afterAdd /home/lii/.npm/ms/2.0.0/package/package.json written
288 silly loadAllDepsIntoIdealTree Finishing
289 silly idealTree:prePrune lib
289 silly idealTree:prePrune └─┬ cookie-session@1.4.0
289 silly idealTree:prePrune   ├── cookies@0.8.0
289 silly idealTree:prePrune   ├── debug@2.6.9
289 silly idealTree:prePrune   ├── depd@2.0.0
289 silly idealTree:prePrune   ├── keygrip@1.1.0
289 silly idealTree:prePrune   ├── ms@2.0.0
289 silly idealTree:prePrune   ├── on-headers@1.0.2
289 silly idealTree:prePrune   └── tsscmp@1.0.6
290 silly loadIdealTree Finishing
291 silly currentTree lib
292 silly idealTree lib
292 silly idealTree └─┬ cookie-session@1.4.0
292 silly idealTree   ├── cookies@0.8.0
292 silly idealTree   ├── debug@2.6.9
292 silly idealTree   ├── depd@2.0.0
292 silly idealTree   ├── keygrip@1.1.0
292 silly idealTree   ├── ms@2.0.0
292 silly idealTree   ├── on-headers@1.0.2
292 silly idealTree   └── tsscmp@1.0.6
293 silly generateActionsToTake Starting
294 silly install generateActionsToTake
295 warn checkPermissions Missing write access to /usr/local/lib/node_modules
296 silly rollbackFailedOptional Starting
297 silly rollbackFailedOptional Finishing
298 silly runTopLevelLifecycles Starting
299 silly runTopLevelLifecycles Finishing
300 silly install printInstalled
301 verbose stack Error: EACCES: permission denied, access '/usr/local/lib/node_modules'
302 verbose cwd /home/lii/Desktop/nodeAPI
303 error Linux 5.0.0-23-generic
304 error argv "/usr/bin/node" "/usr/bin/npm" "install" "-g" "cookie-session"
305 error node v8.10.0
306 error npm  v3.5.2
307 error path /usr/local/lib/node_modules
308 error code EACCES
309 error errno -13
310 error syscall access
311 error Error: EACCES: permission denied, access '/usr/local/lib/node_modules'
311 error  { Error: EACCES: permission denied, access '/usr/local/lib/node_modules'
311 error   errno: -13,
311 error   code: 'EACCES',
311 error   syscall: 'access',
311 error   path: '/usr/local/lib/node_modules' }
312 error Please try running this command again as root/Administrator.
313 verbose exit [ -13, true ]
